This file contains any messages produced by compilers while
running configure, to aid debugging if configure makes a mistake.

It was created by pcsx configure 1.9, which was
generated by GNU Autoconf 2.63.  Invocation command line was

  $ ./configure --enable-opengl

## --------- ##
## Platform. ##
## --------- ##

hostname = odroid
uname -m = aarch64
uname -r = 4.9.219-72
uname -s = Linux
uname -v = #1 SMP PREEMPT Mon Apr 13 13:55:42 -03 2020

/usr/bin/uname -p = unknown
/bin/uname -X     = unknown

/bin/arch              = unknown
/usr/bin/arch -k       = unknown
/usr/convex/getsysinfo = unknown
/usr/bin/hostinfo      = unknown
/bin/machine           = unknown
/usr/bin/oslevel       = unknown
/bin/universe          = unknown

PATH: /usr/local/sbin
PATH: /usr/local/bin
PATH: /usr/sbin
PATH: /usr/bin
PATH: /sbin
PATH: /bin
PATH: /usr/games
PATH: /usr/local/games
PATH: /snap/bin


## ----------- ##
## Core tests. ##
## ----------- ##

configure:2187: checking build system type
configure:2205: result: aarch64-unknown-linux-gnu
configure:2227: checking host system type
configure:2242: result: aarch64-unknown-linux-gnu
configure:2264: checking target system type
configure:2279: result: aarch64-unknown-linux-gnu
configure:2323: checking for a BSD-compatible install
configure:2391: result: /usr/bin/install -c
configure:2402: checking whether build environment is sane
configure:2445: result: yes
configure:2470: checking for a thread-safe mkdir -p
configure:2509: result: /bin/mkdir -p
configure:2522: checking for gawk
configure:2538: found /usr/bin/gawk
configure:2549: result: gawk
configure:2560: checking whether make sets $(MAKE)
configure:2582: result: yes
configure:2766: checking whether to enable maintainer-specific portions of Makefiles
configure:2775: result: no
configure:2840: checking for gcc
configure:2856: found /usr/bin/gcc
configure:2867: result: gcc
configure:3099: checking for C compiler version
configure:3107: gcc --version >&5
gcc (Ubuntu/Linaro 7.5.0-3ubuntu1~18.04) 7.5.0
Copyright (C) 2017 Free Software Foundation, Inc.
This is free software; see the source for copying conditions.  There is NO
warranty; not even for MERCHANTABILITY or FITNESS FOR A PARTICULAR PURPOSE.

configure:3111: $? = 0
configure:3118: gcc -v >&5
Using built-in specs.
COLLECT_GCC=gcc
COLLECT_LTO_WRAPPER=/usr/lib/gcc/aarch64-linux-gnu/7/lto-wrapper
Target: aarch64-linux-gnu
Configured with: ../src/configure -v --with-pkgversion='Ubuntu/Linaro 7.5.0-3ubuntu1~18.04' --with-bugurl=file:///usr/share/doc/gcc-7/README.Bugs --enable-languages=c,ada,c++,go,d,fortran,objc,obj-c++ --prefix=/usr --with-gcc-major-version-only --program-suffix=-7 --program-prefix=aarch64-linux-gnu- --enable-shared --enable-linker-build-id --libexecdir=/usr/lib --without-included-gettext --enable-threads=posix --libdir=/usr/lib --enable-nls --enable-bootstrap --enable-clocale=gnu --enable-libstdcxx-debug --enable-libstdcxx-time=yes --with-default-libstdcxx-abi=new --enable-gnu-unique-object --disable-libquadmath --disable-libquadmath-support --enable-plugin --enable-default-pie --with-system-zlib --enable-multiarch --enable-fix-cortex-a53-843419 --disable-werror --enable-checking=release --build=aarch64-linux-gnu --host=aarch64-linux-gnu --target=aarch64-linux-gnu
Thread model: posix
gcc version 7.5.0 (Ubuntu/Linaro 7.5.0-3ubuntu1~18.04) 
configure:3122: $? = 0
configure:3129: gcc -V >&5
gcc: error: unrecognized command line option '-V'
gcc: fatal error: no input files
compilation terminated.
configure:3133: $? = 1
configure:3156: checking for C compiler default output file name
configure:3178: gcc -mtune=cortex-a53 -pthread -O2   conftest.c  >&5
configure:3182: $? = 0
configure:3220: result: a.out
configure:3239: checking whether the C compiler works
configure:3249: ./a.out
configure:3253: $? = 0
configure:3272: result: yes
configure:3279: checking whether we are cross compiling
configure:3281: result: no
configure:3284: checking for suffix of executables
configure:3291: gcc -o conftest -mtune=cortex-a53 -pthread -O2   conftest.c  >&5
configure:3295: $? = 0
configure:3321: result: 
configure:3327: checking for suffix of object files
configure:3353: gcc -c -mtune=cortex-a53 -pthread -O2  conftest.c >&5
configure:3357: $? = 0
configure:3382: result: o
configure:3386: checking whether we are using the GNU C compiler
configure:3415: gcc -c -mtune=cortex-a53 -pthread -O2  conftest.c >&5
configure:3422: $? = 0
configure:3439: result: yes
configure:3448: checking whether gcc accepts -g
configure:3478: gcc -c -g  conftest.c >&5
configure:3485: $? = 0
configure:3586: result: yes
configure:3603: checking for gcc option to accept ISO C89
configure:3677: gcc  -c -mtune=cortex-a53 -pthread -O2  conftest.c >&5
configure:3684: $? = 0
configure:3707: result: none needed
configure:3736: checking for style of include used by make
configure:3764: result: GNU
configure:3789: checking dependency style of gcc
configure:3880: result: gcc3
configure:3938: checking for ranlib
configure:3954: found /usr/bin/ranlib
configure:3965: result: ranlib
configure:4043: checking for a sed that does not truncate output
configure:4109: result: /bin/sed
configure:4127: checking for grep that handles long lines and -e
configure:4187: result: /bin/grep
configure:4192: checking for egrep
configure:4256: result: /bin/grep -E
configure:4261: checking for fgrep
configure:4325: result: /bin/grep -F
configure:4360: checking for ld used by gcc
configure:4427: result: /usr/bin/ld
configure:4436: checking if the linker (/usr/bin/ld) is GNU ld
configure:4451: result: yes
configure:4463: checking for BSD- or MS-compatible name lister (nm)
configure:4512: result: /usr/bin/nm -B
configure:4630: checking the name lister (/usr/bin/nm -B) interface
configure:4637: gcc -c -mtune=cortex-a53 -pthread -O2  conftest.c >&5
configure:4640: /usr/bin/nm -B "conftest.o"
configure:4643: output
0000000000000000 B some_variable
configure:4650: result: BSD nm
configure:4653: checking whether ln -s works
configure:4657: result: yes
configure:4665: checking the maximum length of command line arguments
configure:4785: result: 1572864
configure:4802: checking whether the shell understands some XSI constructs
configure:4812: result: yes
configure:4816: checking whether the shell understands "+="
configure:4822: result: yes
configure:4857: checking for /usr/bin/ld option to reload object files
configure:4864: result: -r
configure:4933: checking for objdump
configure:4949: found /usr/bin/objdump
configure:4960: result: objdump
configure:4992: checking how to recognize dependent libraries
configure:5188: result: pass_all
configure:5248: checking for ar
configure:5264: found /usr/bin/ar
configure:5275: result: ar
configure:5353: checking for strip
configure:5369: found /usr/bin/strip
configure:5380: result: strip
configure:5452: checking for ranlib
configure:5479: result: ranlib
configure:5569: checking command to parse /usr/bin/nm -B output from gcc object
configure:5687: gcc -c -mtune=cortex-a53 -pthread -O2  conftest.c >&5
configure:5690: $? = 0
configure:5694: /usr/bin/nm -B conftest.o \| sed -n -e 's/^.*[	 ]\([ABCDGIRSTW][ABCDGIRSTW]*\)[	 ][	 ]*\([_A-Za-z][_A-Za-z0-9]*\)$/\1 \2 \2/p' \> conftest.nm
configure:5697: $? = 0
configure:5751: gcc -o conftest -mtune=cortex-a53 -pthread -O2   conftest.c conftstm.o >&5
configure:5754: $? = 0
configure:5792: result: ok
configure:6659: checking how to run the C preprocessor
configure:6699: gcc -E  conftest.c
configure:6706: $? = 0
configure:6737: gcc -E  conftest.c
conftest.c:10:10: fatal error: ac_nonexistent.h: No such file or directory
 #include <ac_nonexistent.h>
          ^~~~~~~~~~~~~~~~~~
compilation terminated.
configure:6744: $? = 1
configure: failed program was:
| /* confdefs.h.  */
| #define PACKAGE_NAME "pcsx"
| #define PACKAGE_TARNAME "pcsx"
| #define PACKAGE_VERSION "1.9"
| #define PACKAGE_STRING "pcsx 1.9"
| #define PACKAGE_BUGREPORT ""
| #define PACKAGE "pcsx"
| #define VERSION "1.9"
| /* end confdefs.h.  */
| #include <ac_nonexistent.h>
configure:6777: result: gcc -E
configure:6806: gcc -E  conftest.c
configure:6813: $? = 0
configure:6844: gcc -E  conftest.c
conftest.c:10:10: fatal error: ac_nonexistent.h: No such file or directory
 #include <ac_nonexistent.h>
          ^~~~~~~~~~~~~~~~~~
compilation terminated.
configure:6851: $? = 1
configure: failed program was:
| /* confdefs.h.  */
| #define PACKAGE_NAME "pcsx"
| #define PACKAGE_TARNAME "pcsx"
| #define PACKAGE_VERSION "1.9"
| #define PACKAGE_STRING "pcsx 1.9"
| #define PACKAGE_BUGREPORT ""
| #define PACKAGE "pcsx"
| #define VERSION "1.9"
| /* end confdefs.h.  */
| #include <ac_nonexistent.h>
configure:6891: checking for ANSI C header files
configure:6921: gcc -c -mtune=cortex-a53 -pthread -O2  conftest.c >&5
configure:6928: $? = 0
configure:7027: gcc -o conftest -mtune=cortex-a53 -pthread -O2   conftest.c  >&5
configure:7031: $? = 0
configure:7037: ./conftest
configure:7041: $? = 0
configure:7059: result: yes
configure:7083: checking for sys/types.h
configure:7104: gcc -c -mtune=cortex-a53 -pthread -O2  conftest.c >&5
configure:7111: $? = 0
configure:7128: result: yes
configure:7083: checking for sys/stat.h
configure:7104: gcc -c -mtune=cortex-a53 -pthread -O2  conftest.c >&5
configure:7111: $? = 0
configure:7128: result: yes
configure:7083: checking for stdlib.h
configure:7104: gcc -c -mtune=cortex-a53 -pthread -O2  conftest.c >&5
configure:7111: $? = 0
configure:7128: result: yes
configure:7083: checking for string.h
configure:7104: gcc -c -mtune=cortex-a53 -pthread -O2  conftest.c >&5
configure:7111: $? = 0
configure:7128: result: yes
configure:7083: checking for memory.h
configure:7104: gcc -c -mtune=cortex-a53 -pthread -O2  conftest.c >&5
configure:7111: $? = 0
configure:7128: result: yes
configure:7083: checking for strings.h
configure:7104: gcc -c -mtune=cortex-a53 -pthread -O2  conftest.c >&5
configure:7111: $? = 0
configure:7128: result: yes
configure:7083: checking for inttypes.h
configure:7104: gcc -c -mtune=cortex-a53 -pthread -O2  conftest.c >&5
configure:7111: $? = 0
configure:7128: result: yes
configure:7083: checking for stdint.h
configure:7104: gcc -c -mtune=cortex-a53 -pthread -O2  conftest.c >&5
configure:7111: $? = 0
configure:7128: result: yes
configure:7083: checking for unistd.h
configure:7104: gcc -c -mtune=cortex-a53 -pthread -O2  conftest.c >&5
configure:7111: $? = 0
configure:7128: result: yes
configure:7146: checking for dlfcn.h
configure:7167: gcc -c -mtune=cortex-a53 -pthread -O2  conftest.c >&5
configure:7174: $? = 0
configure:7191: result: yes
configure:7347: checking for objdir
configure:7362: result: .libs
configure:7654: checking if gcc supports -fno-rtti -fno-exceptions
configure:7672: gcc -c -mtune=cortex-a53 -pthread -O2  -fno-rtti -fno-exceptions conftest.c >&5
cc1: warning: command line option '-fno-rtti' is valid for C++/ObjC++ but not for C
configure:7676: $? = 0
configure:7689: result: no
configure:7709: checking for gcc option to produce PIC
configure:7981: result: -fPIC -DPIC
configure:7993: checking if gcc PIC flag -fPIC -DPIC works
configure:8011: gcc -c -mtune=cortex-a53 -pthread -O2  -fPIC -DPIC -DPIC conftest.c >&5
configure:8015: $? = 0
configure:8028: result: yes
configure:8052: checking if gcc static flag -static works
configure:8080: result: yes
configure:8095: checking if gcc supports -c -o file.o
configure:8116: gcc -c -mtune=cortex-a53 -pthread -O2  -o out/conftest2.o conftest.c >&5
configure:8120: $? = 0
configure:8142: result: yes
configure:8150: checking if gcc supports -c -o file.o
configure:8197: result: yes
configure:8230: checking whether the gcc linker (/usr/bin/ld) supports shared libraries
configure:9305: result: yes
configure:9342: checking whether -lc should be explicitly linked in
configure:9347: gcc -c -mtune=cortex-a53 -pthread -O2  conftest.c >&5
configure:9350: $? = 0
configure:9365: gcc -shared conftest.o  -v -Wl,-soname -Wl,conftest -o conftest 2\>\&1 \| /bin/grep  -lc  \>/dev/null 2\>\&1
configure:9368: $? = 0
configure:9380: result: no
configure:9544: checking dynamic linker characteristics
configure:9987: gcc -o conftest -mtune=cortex-a53 -pthread -O2   -Wl,-rpath -Wl,/foo conftest.c  >&5
configure:9994: $? = 0
configure:10239: result: GNU/Linux ld.so
configure:10341: checking how to hardcode library paths into programs
configure:10366: result: immediate
configure:11199: checking whether stripping libraries is possible
configure:11204: result: yes
configure:11239: checking if libtool supports shared libraries
configure:11241: result: yes
configure:11244: checking whether to build shared libraries
configure:11265: result: yes
configure:11268: checking whether to build static libraries
configure:11272: result: no
configure:11321: checking for a BSD-compatible install
configure:11389: result: /usr/bin/install -c
configure:11400: checking for ANSI C header files
configure:11568: result: yes
configure:11587: checking dependency style of gcc
configure:11678: result: gcc3
configure:11695: checking whether NLS is requested
configure:11704: result: yes
configure:11745: checking for msgfmt
configure: trying /usr/bin/msgfmt...
0 translated messages.
configure:11777: result: /usr/bin/msgfmt
configure:11786: checking for gmsgfmt
configure:11817: result: /usr/bin/msgfmt
configure:11868: checking for xgettext
configure: trying /usr/bin/xgettext...
/usr/bin/xgettext: warning: file '/dev/null' extension '' is unknown; will try C
configure:11900: result: /usr/bin/xgettext
configure:11946: checking for msgmerge
configure: trying /usr/bin/msgmerge...
configure:11977: result: /usr/bin/msgmerge
configure:12034: checking for ld used by GCC
configure:12098: result: /usr/bin/ld
configure:12107: checking if the linker (/usr/bin/ld) is GNU ld
configure:12120: result: yes
configure:12127: checking for shared library run path origin
configure:12140: result: done
configure:12641: checking for CFPreferencesCopyAppValue
configure:12669: gcc -o conftest -mtune=cortex-a53 -pthread -O2   conftest.c  -Wl,-framework -Wl,CoreFoundation >&5
conftest.c:23:10: fatal error: CoreFoundation/CFPreferences.h: No such file or directory
 #include <CoreFoundation/CFPreferences.h>
          ^~~~~~~~~~~~~~~~~~~~~~~~~~~~~~~~
compilation terminated.
configure:12676: $? = 1
configure: failed program was:
| /* confdefs.h.  */
| #define PACKAGE_NAME "pcsx"
| #define PACKAGE_TARNAME "pcsx"
| #define PACKAGE_VERSION "1.9"
| #define PACKAGE_STRING "pcsx 1.9"
| #define PACKAGE_BUGREPORT ""
| #define PACKAGE "pcsx"
| #define VERSION "1.9"
| #define STDC_HEADERS 1
| #define HAVE_SYS_TYPES_H 1
| #define HAVE_SYS_STAT_H 1
| #define HAVE_STDLIB_H 1
| #define HAVE_STRING_H 1
| #define HAVE_MEMORY_H 1
| #define HAVE_STRINGS_H 1
| #define HAVE_INTTYPES_H 1
| #define HAVE_STDINT_H 1
| #define HAVE_UNISTD_H 1
| #define HAVE_DLFCN_H 1
| #define LT_OBJDIR ".libs/"
| #define STDC_HEADERS 1
| /* end confdefs.h.  */
| #include <CoreFoundation/CFPreferences.h>
| int
| main ()
| {
| CFPreferencesCopyAppValue(NULL, NULL)
|   ;
|   return 0;
| }
configure:12697: result: no
configure:12706: checking for CFLocaleCopyCurrent
configure:12734: gcc -o conftest -mtune=cortex-a53 -pthread -O2   conftest.c  -Wl,-framework -Wl,CoreFoundation >&5
conftest.c:23:10: fatal error: CoreFoundation/CFLocale.h: No such file or directory
 #include <CoreFoundation/CFLocale.h>
          ^~~~~~~~~~~~~~~~~~~~~~~~~~~
compilation terminated.
configure:12741: $? = 1
configure: failed program was:
| /* confdefs.h.  */
| #define PACKAGE_NAME "pcsx"
| #define PACKAGE_TARNAME "pcsx"
| #define PACKAGE_VERSION "1.9"
| #define PACKAGE_STRING "pcsx 1.9"
| #define PACKAGE_BUGREPORT ""
| #define PACKAGE "pcsx"
| #define VERSION "1.9"
| #define STDC_HEADERS 1
| #define HAVE_SYS_TYPES_H 1
| #define HAVE_SYS_STAT_H 1
| #define HAVE_STDLIB_H 1
| #define HAVE_STRING_H 1
| #define HAVE_MEMORY_H 1
| #define HAVE_STRINGS_H 1
| #define HAVE_INTTYPES_H 1
| #define HAVE_STDINT_H 1
| #define HAVE_UNISTD_H 1
| #define HAVE_DLFCN_H 1
| #define LT_OBJDIR ".libs/"
| #define STDC_HEADERS 1
| /* end confdefs.h.  */
| #include <CoreFoundation/CFLocale.h>
| int
| main ()
| {
| CFLocaleCopyCurrent();
|   ;
|   return 0;
| }
configure:12762: result: no
configure:12813: checking for GNU gettext in libc
configure:12843: gcc -o conftest -mtune=cortex-a53 -pthread -O2   conftest.c  >&5
configure:12850: $? = 0
configure:12872: result: yes
configure:13776: checking whether to use NLS
configure:13778: result: yes
configure:13781: checking where the gettext function comes from
configure:13792: result: libc
configure:13911: checking for pkg-config
configure:13929: found /usr/bin/pkg-config
configure:13941: result: /usr/bin/pkg-config
configure:13966: checking pkg-config is at least version 0.9.0
configure:13969: result: yes
configure:13980: checking for GLIB2
configure:13988: $PKG_CONFIG --exists --print-errors "glib-2.0"
configure:13991: $? = 0
configure:14006: $PKG_CONFIG --exists --print-errors "glib-2.0"
configure:14009: $? = 0
configure:14049: result: yes
configure:14055: checking for GTK2
configure:14063: $PKG_CONFIG --exists --print-errors "gtk+-2.0"
configure:14066: $? = 0
configure:14081: $PKG_CONFIG --exists --print-errors "gtk+-2.0"
configure:14084: $? = 0
configure:14124: result: yes
configure:14130: checking for GLADE2
configure:14138: $PKG_CONFIG --exists --print-errors "libglade-2.0"
configure:14141: $? = 0
configure:14156: $PKG_CONFIG --exists --print-errors "libglade-2.0"
configure:14159: $? = 0
configure:14199: result: yes
configure:14246: checking for sdl-config
configure:14264: found /usr/bin/sdl-config
configure:14277: result: /usr/bin/sdl-config
configure:14286: checking for SDL - version >= 1.2.0
configure:14383: gcc -o conftest -mtune=cortex-a53 -pthread -O2 -I/usr/include/SDL -D_GNU_SOURCE=1 -D_REENTRANT   conftest.c  -L/usr/lib/aarch64-linux-gnu -lSDL >&5
configure:14387: $? = 0
configure:14393: ./conftest
configure:14397: $? = 0
configure:14419: result: yes
configure:14530: checking for dlsym in -ldl
configure:14565: gcc -o conftest -mtune=cortex-a53 -pthread -O2   conftest.c -ldl   >&5
configure:14572: $? = 0
configure:14593: result: yes
configure:14599: checking for socket in -lsocket
configure:14634: gcc -o conftest -mtune=cortex-a53 -pthread -O2   -ldl conftest.c -lsocket   >&5
/usr/bin/ld: cannot find -lsocket
collect2: error: ld returned 1 exit status
configure:14641: $? = 1
configure: failed program was:
| /* confdefs.h.  */
| #define PACKAGE_NAME "pcsx"
| #define PACKAGE_TARNAME "pcsx"
| #define PACKAGE_VERSION "1.9"
| #define PACKAGE_STRING "pcsx 1.9"
| #define PACKAGE_BUGREPORT ""
| #define PACKAGE "pcsx"
| #define VERSION "1.9"
| #define STDC_HEADERS 1
| #define HAVE_SYS_TYPES_H 1
| #define HAVE_SYS_STAT_H 1
| #define HAVE_STDLIB_H 1
| #define HAVE_STRING_H 1
| #define HAVE_MEMORY_H 1
| #define HAVE_STRINGS_H 1
| #define HAVE_INTTYPES_H 1
| #define HAVE_STDINT_H 1
| #define HAVE_UNISTD_H 1
| #define HAVE_DLFCN_H 1
| #define LT_OBJDIR ".libs/"
| #define STDC_HEADERS 1
| #define ENABLE_NLS 1
| #define HAVE_GETTEXT 1
| #define HAVE_DCGETTEXT 1
| #define GETTEXT_PACKAGE "pcsx"
| /* end confdefs.h.  */
| 
| /* Override any GCC internal prototype to avoid an error.
|    Use char because int might match the return type of a GCC
|    builtin and then its argument prototype would still apply.  */
| #ifdef __cplusplus
| extern "C"
| #endif
| char socket ();
| int
| main ()
| {
| return socket ();
|   ;
|   return 0;
| }
configure:14662: result: no
configure:14668: checking for gethostbyname in -lnsl
configure:14703: gcc -o conftest -mtune=cortex-a53 -pthread -O2   -ldl conftest.c -lnsl   >&5
configure:14710: $? = 0
configure:14731: result: yes
configure:14737: checking for umem_alloc in -lumem
configure:14772: gcc -o conftest -mtune=cortex-a53 -pthread -O2   -ldl -lnsl conftest.c -lumem   >&5
/usr/bin/ld: cannot find -lumem
collect2: error: ld returned 1 exit status
configure:14779: $? = 1
configure: failed program was:
| /* confdefs.h.  */
| #define PACKAGE_NAME "pcsx"
| #define PACKAGE_TARNAME "pcsx"
| #define PACKAGE_VERSION "1.9"
| #define PACKAGE_STRING "pcsx 1.9"
| #define PACKAGE_BUGREPORT ""
| #define PACKAGE "pcsx"
| #define VERSION "1.9"
| #define STDC_HEADERS 1
| #define HAVE_SYS_TYPES_H 1
| #define HAVE_SYS_STAT_H 1
| #define HAVE_STDLIB_H 1
| #define HAVE_STRING_H 1
| #define HAVE_MEMORY_H 1
| #define HAVE_STRINGS_H 1
| #define HAVE_INTTYPES_H 1
| #define HAVE_STDINT_H 1
| #define HAVE_UNISTD_H 1
| #define HAVE_DLFCN_H 1
| #define LT_OBJDIR ".libs/"
| #define STDC_HEADERS 1
| #define ENABLE_NLS 1
| #define HAVE_GETTEXT 1
| #define HAVE_DCGETTEXT 1
| #define GETTEXT_PACKAGE "pcsx"
| /* end confdefs.h.  */
| 
| /* Override any GCC internal prototype to avoid an error.
|    Use char because int might match the return type of a GCC
|    builtin and then its argument prototype would still apply.  */
| #ifdef __cplusplus
| extern "C"
| #endif
| char umem_alloc ();
| int
| main ()
| {
| return umem_alloc ();
|   ;
|   return 0;
| }
configure:14800: result: no
configure:15235: checking zlib.h usability
configure:15252: gcc -c -mtune=cortex-a53 -pthread -O2  conftest.c >&5
configure:15259: $? = 0
configure:15273: result: yes
configure:15277: checking zlib.h presence
configure:15292: gcc -E  conftest.c
configure:15299: $? = 0
configure:15313: result: yes
configure:15341: checking for zlib.h
configure:15348: result: yes
configure:15374: checking X11/extensions/Xv.h usability
configure:15391: gcc -c -mtune=cortex-a53 -pthread -O2  conftest.c >&5
configure:15398: $? = 0
configure:15412: result: yes
configure:15416: checking X11/extensions/Xv.h presence
configure:15431: gcc -E  conftest.c
configure:15438: $? = 0
configure:15452: result: yes
configure:15480: checking for X11/extensions/Xv.h
configure:15487: result: yes
configure:15513: checking X11/extensions/XTest.h usability
configure:15530: gcc -c -mtune=cortex-a53 -pthread -O2  conftest.c >&5
configure:15537: $? = 0
configure:15551: result: yes
configure:15555: checking X11/extensions/XTest.h presence
configure:15570: gcc -E  conftest.c
configure:15577: $? = 0
configure:15591: result: yes
configure:15619: checking for X11/extensions/XTest.h
configure:15626: result: yes
configure:15770: checking GL/gl.h usability
configure:15787: gcc -c -mtune=cortex-a53 -pthread -O2  conftest.c >&5
configure:15794: $? = 0
configure:15808: result: yes
configure:15812: checking GL/gl.h presence
configure:15827: gcc -E  conftest.c
configure:15834: $? = 0
configure:15848: result: yes
configure:15876: checking for GL/gl.h
configure:15883: result: yes
configure:15909: checking GL/glx.h usability
configure:15926: gcc -c -mtune=cortex-a53 -pthread -O2  conftest.c >&5
configure:15933: $? = 0
configure:15947: result: yes
configure:15951: checking GL/glx.h presence
configure:15966: gcc -E  conftest.c
configure:15973: $? = 0
configure:15987: result: yes
configure:16015: checking for GL/glx.h
configure:16022: result: yes
configure:16038: checking for X11/extensions/xf86vmode.h
configure:16061: gcc -c -mtune=cortex-a53 -pthread -O2  conftest.c >&5
configure:16068: $? = 0
configure:16083: result: yes
configure:16310: checking whether byte ordering is bigendian
configure:16335: gcc -c -mtune=cortex-a53 -pthread -O2  conftest.c >&5
conftest.c:28:9: error: unknown type name 'not'
         not a universal capable compiler
         ^~~
conftest.c:28:15: error: expected '=', ',', ';', 'asm' or '__attribute__' before 'universal'
         not a universal capable compiler
               ^~~~~~~~~
conftest.c:28:15: error: unknown type name 'universal'
configure:16342: $? = 1
configure: failed program was:
| /* confdefs.h.  */
| #define PACKAGE_NAME "pcsx"
| #define PACKAGE_TARNAME "pcsx"
| #define PACKAGE_VERSION "1.9"
| #define PACKAGE_STRING "pcsx 1.9"
| #define PACKAGE_BUGREPORT ""
| #define PACKAGE "pcsx"
| #define VERSION "1.9"
| #define STDC_HEADERS 1
| #define HAVE_SYS_TYPES_H 1
| #define HAVE_SYS_STAT_H 1
| #define HAVE_STDLIB_H 1
| #define HAVE_STRING_H 1
| #define HAVE_MEMORY_H 1
| #define HAVE_STRINGS_H 1
| #define HAVE_INTTYPES_H 1
| #define HAVE_STDINT_H 1
| #define HAVE_UNISTD_H 1
| #define HAVE_DLFCN_H 1
| #define LT_OBJDIR ".libs/"
| #define STDC_HEADERS 1
| #define ENABLE_NLS 1
| #define HAVE_GETTEXT 1
| #define HAVE_DCGETTEXT 1
| #define GETTEXT_PACKAGE "pcsx"
| /* end confdefs.h.  */
| #ifndef __APPLE_CC__
| 	       not a universal capable compiler
| 	     #endif
| 	     typedef int dummy;
| 
configure:16392: gcc -c -mtune=cortex-a53 -pthread -O2  conftest.c >&5
configure:16399: $? = 0
configure:16431: gcc -c -mtune=cortex-a53 -pthread -O2  conftest.c >&5
conftest.c: In function 'main':
conftest.c:34:4: error: unknown type name 'not'; did you mean 'ino_t'?
    not big endian
    ^~~
    ino_t
conftest.c:34:12: error: expected '=', ',', ';', 'asm' or '__attribute__' before 'endian'
    not big endian
            ^~~~~~
configure:16438: $? = 1
configure: failed program was:
| /* confdefs.h.  */
| #define PACKAGE_NAME "pcsx"
| #define PACKAGE_TARNAME "pcsx"
| #define PACKAGE_VERSION "1.9"
| #define PACKAGE_STRING "pcsx 1.9"
| #define PACKAGE_BUGREPORT ""
| #define PACKAGE "pcsx"
| #define VERSION "1.9"
| #define STDC_HEADERS 1
| #define HAVE_SYS_TYPES_H 1
| #define HAVE_SYS_STAT_H 1
| #define HAVE_STDLIB_H 1
| #define HAVE_STRING_H 1
| #define HAVE_MEMORY_H 1
| #define HAVE_STRINGS_H 1
| #define HAVE_INTTYPES_H 1
| #define HAVE_STDINT_H 1
| #define HAVE_UNISTD_H 1
| #define HAVE_DLFCN_H 1
| #define LT_OBJDIR ".libs/"
| #define STDC_HEADERS 1
| #define ENABLE_NLS 1
| #define HAVE_GETTEXT 1
| #define HAVE_DCGETTEXT 1
| #define GETTEXT_PACKAGE "pcsx"
| /* end confdefs.h.  */
| #include <sys/types.h>
| 		#include <sys/param.h>
| 
| int
| main ()
| {
| #if BYTE_ORDER != BIG_ENDIAN
| 		 not big endian
| 		#endif
| 
|   ;
|   return 0;
| }
configure:16690: result: no
configure:16999: creating ./config.status

## ---------------------- ##
## Running config.status. ##
## ---------------------- ##

This file was extended by pcsx config.status 1.9, which was
generated by GNU Autoconf 2.63.  Invocation command line was

  CONFIG_FILES    = 
  CONFIG_HEADERS  = 
  CONFIG_LINKS    = 
  CONFIG_COMMANDS = 
  $ ./config.status 

on odroid

config.status:1084: creating Makefile
config.status:1084: creating data/Makefile
config.status:1084: creating doc/Makefile
config.status:1084: creating libpcsxcore/Makefile
config.status:1084: creating gui/Makefile
config.status:1084: creating plugins/dfinput/Makefile
config.status:1084: creating plugins/dfsound/Makefile
config.status:1084: creating plugins/dfxvideo/Makefile
config.status:1084: creating plugins/dfcdrom/Makefile
config.status:1084: creating plugins/dfnet/Makefile
config.status:1084: creating pixmaps/Makefile
config.status:1084: creating po/Makefile.in
config.status:1084: creating plugins/peopsxgl/Makefile
config.status:1084: creating include/config.h
config.status:1306: include/config.h is unchanged
config.status:1358: executing depfiles commands
config.status:1358: executing libtool commands
config.status:1358: executing po-directories commands

## ---------------- ##
## Cache variables. ##
## ---------------- ##

ac_cv_build=aarch64-unknown-linux-gnu
ac_cv_c_bigendian=no
ac_cv_c_compiler_gnu=yes
ac_cv_env_ALSA_CFLAGS_set=
ac_cv_env_ALSA_CFLAGS_value=
ac_cv_env_ALSA_LIBS_set=
ac_cv_env_ALSA_LIBS_value=
ac_cv_env_CCASFLAGS_set=
ac_cv_env_CCASFLAGS_value=
ac_cv_env_CCAS_set=
ac_cv_env_CCAS_value=
ac_cv_env_CC_set=
ac_cv_env_CC_value=
ac_cv_env_CFLAGS_set=set
ac_cv_env_CFLAGS_value='-mtune=cortex-a53 -pthread -O2'
ac_cv_env_CPPFLAGS_set=
ac_cv_env_CPPFLAGS_value=
ac_cv_env_CPP_set=
ac_cv_env_CPP_value=
ac_cv_env_GLADE2_CFLAGS_set=
ac_cv_env_GLADE2_CFLAGS_value=
ac_cv_env_GLADE2_LIBS_set=
ac_cv_env_GLADE2_LIBS_value=
ac_cv_env_GLIB2_CFLAGS_set=
ac_cv_env_GLIB2_CFLAGS_value=
ac_cv_env_GLIB2_LIBS_set=
ac_cv_env_GLIB2_LIBS_value=
ac_cv_env_GTK2_CFLAGS_set=
ac_cv_env_GTK2_CFLAGS_value=
ac_cv_env_GTK2_LIBS_set=
ac_cv_env_GTK2_LIBS_value=
ac_cv_env_LDFLAGS_set=
ac_cv_env_LDFLAGS_value=
ac_cv_env_LIBCDIO_CFLAGS_set=
ac_cv_env_LIBCDIO_CFLAGS_value=
ac_cv_env_LIBCDIO_LIBS_set=
ac_cv_env_LIBCDIO_LIBS_value=
ac_cv_env_LIBS_set=
ac_cv_env_LIBS_value=
ac_cv_env_PKG_CONFIG_set=
ac_cv_env_PKG_CONFIG_value=
ac_cv_env_PULSEAUDIO_CFLAGS_set=
ac_cv_env_PULSEAUDIO_CFLAGS_value=
ac_cv_env_PULSEAUDIO_LIBS_set=
ac_cv_env_PULSEAUDIO_LIBS_value=
ac_cv_env_build_alias_set=
ac_cv_env_build_alias_value=
ac_cv_env_host_alias_set=
ac_cv_env_host_alias_value=
ac_cv_env_target_alias_set=
ac_cv_env_target_alias_value=
ac_cv_header_GL_gl_h=yes
ac_cv_header_GL_glx_h=yes
ac_cv_header_X11_extensions_XTest_h=yes
ac_cv_header_X11_extensions_Xv_h=yes
ac_cv_header_X11_extensions_xf86vmode_h=yes
ac_cv_header_dlfcn_h=yes
ac_cv_header_inttypes_h=yes
ac_cv_header_memory_h=yes
ac_cv_header_stdc=yes
ac_cv_header_stdint_h=yes
ac_cv_header_stdlib_h=yes
ac_cv_header_string_h=yes
ac_cv_header_strings_h=yes
ac_cv_header_sys_stat_h=yes
ac_cv_header_sys_types_h=yes
ac_cv_header_unistd_h=yes
ac_cv_header_zlib_h=yes
ac_cv_host=aarch64-unknown-linux-gnu
ac_cv_lib_dl_dlsym=yes
ac_cv_lib_nsl_gethostbyname=yes
ac_cv_lib_socket_socket=no
ac_cv_lib_umem_umem_alloc=no
ac_cv_objext=o
ac_cv_path_EGREP='/bin/grep -E'
ac_cv_path_FGREP='/bin/grep -F'
ac_cv_path_GMSGFMT=/usr/bin/msgfmt
ac_cv_path_GREP=/bin/grep
ac_cv_path_MSGFMT=/usr/bin/msgfmt
ac_cv_path_MSGMERGE=/usr/bin/msgmerge
ac_cv_path_SDL_CONFIG=/usr/bin/sdl-config
ac_cv_path_SED=/bin/sed
ac_cv_path_XGETTEXT=/usr/bin/xgettext
ac_cv_path_ac_pt_PKG_CONFIG=/usr/bin/pkg-config
ac_cv_path_install='/usr/bin/install -c'
ac_cv_path_mkdir=/bin/mkdir
ac_cv_prog_AWK=gawk
ac_cv_prog_CPP='gcc -E'
ac_cv_prog_ac_ct_AR=ar
ac_cv_prog_ac_ct_CC=gcc
ac_cv_prog_ac_ct_OBJDUMP=objdump
ac_cv_prog_ac_ct_RANLIB=ranlib
ac_cv_prog_ac_ct_STRIP=strip
ac_cv_prog_cc_c89=
ac_cv_prog_cc_g=yes
ac_cv_prog_make_make_set=yes
ac_cv_target=aarch64-unknown-linux-gnu
acl_cv_hardcode_direct=no
acl_cv_hardcode_libdir_flag_spec='${wl}-rpath ${wl}$libdir'
acl_cv_hardcode_libdir_separator=
acl_cv_hardcode_minus_L=no
acl_cv_libext=a
acl_cv_libname_spec='lib$name'
acl_cv_library_names_spec='$libname$shrext'
acl_cv_path_LD=/usr/bin/ld
acl_cv_prog_gnu_ld=yes
acl_cv_rpath=done
acl_cv_shlibext=so
acl_cv_wl=-Wl,
am_cv_CCAS_dependencies_compiler_type=gcc3
am_cv_CC_dependencies_compiler_type=gcc3
gt_cv_func_CFLocaleCopyCurrent=no
gt_cv_func_CFPreferencesCopyAppValue=no
gt_cv_func_gnugettext1_libc=yes
lt_cv_deplibs_check_method=pass_all
lt_cv_file_magic_cmd='$MAGIC_CMD'
lt_cv_file_magic_test_file=
lt_cv_ld_reload_flag=-r
lt_cv_nm_interface='BSD nm'
lt_cv_objdir=.libs
lt_cv_path_LD=/usr/bin/ld
lt_cv_path_NM='/usr/bin/nm -B'
lt_cv_prog_compiler_c_o=yes
lt_cv_prog_compiler_pic_works=yes
lt_cv_prog_compiler_rtti_exceptions=no
lt_cv_prog_compiler_static_works=yes
lt_cv_prog_gnu_ld=yes
lt_cv_sys_global_symbol_pipe='sed -n -e '\''s/^.*[	 ]\([ABCDGIRSTW][ABCDGIRSTW]*\)[	 ][	 ]*\([_A-Za-z][_A-Za-z0-9]*\)$/\1 \2 \2/p'\'''
lt_cv_sys_global_symbol_to_c_name_address='sed -n -e '\''s/^: \([^ ]*\) $/  {\"\1\", (void *) 0},/p'\'' -e '\''s/^[ABCDGIRSTW]* \([^ ]*\) \([^ ]*\)$/  {"\2", (void *) \&\2},/p'\'''
lt_cv_sys_global_symbol_to_c_name_address_lib_prefix='sed -n -e '\''s/^: \([^ ]*\) $/  {\"\1\", (void *) 0},/p'\'' -e '\''s/^[ABCDGIRSTW]* \([^ ]*\) \(lib[^ ]*\)$/  {"\2", (void *) \&\2},/p'\'' -e '\''s/^[ABCDGIRSTW]* \([^ ]*\) \([^ ]*\)$/  {"lib\2", (void *) \&\2},/p'\'''
lt_cv_sys_global_symbol_to_cdecl='sed -n -e '\''s/^T .* \(.*\)$/extern int \1();/p'\'' -e '\''s/^[ABCDGIRSTW]* .* \(.*\)$/extern char \1;/p'\'''
lt_cv_sys_max_cmd_len=1572864
pkg_cv_GLADE2_CFLAGS='-pthread -I/usr/include/libglade-2.0 -I/usr/include/gtk-2.0 -I/usr/lib/aarch64-linux-gnu/gtk-2.0/include -I/usr/include/gio-unix-2.0/ -I/usr/include/cairo -I/usr/include/pango-1.0 -I/usr/include/atk-1.0 -I/usr/include/cairo -I/usr/include/pixman-1 -I/usr/include/gdk-pixbuf-2.0 -I/usr/include/libpng16 -I/usr/include/pango-1.0 -I/usr/include/harfbuzz -I/usr/include/pango-1.0 -I/usr/include/glib-2.0 -I/usr/lib/aarch64-linux-gnu/glib-2.0/include -I/usr/include/freetype2 -I/usr/include/libpng16 -I/usr/include/freetype2 -I/usr/include/libpng16 -I/usr/include/libxml2'
pkg_cv_GLADE2_LIBS='-lglade-2.0 -lgtk-x11-2.0 -lgdk-x11-2.0 -lpangocairo-1.0 -latk-1.0 -lcairo -lgdk_pixbuf-2.0 -lgio-2.0 -lpangoft2-1.0 -lpango-1.0 -lgobject-2.0 -lglib-2.0 -lfontconfig -lfreetype -lxml2'
pkg_cv_GLIB2_CFLAGS='-I/usr/include/glib-2.0 -I/usr/lib/aarch64-linux-gnu/glib-2.0/include'
pkg_cv_GLIB2_LIBS=-lglib-2.0
pkg_cv_GTK2_CFLAGS='-pthread -I/usr/include/gtk-2.0 -I/usr/lib/aarch64-linux-gnu/gtk-2.0/include -I/usr/include/gio-unix-2.0/ -I/usr/include/cairo -I/usr/include/pango-1.0 -I/usr/include/atk-1.0 -I/usr/include/cairo -I/usr/include/pixman-1 -I/usr/include/gdk-pixbuf-2.0 -I/usr/include/libpng16 -I/usr/include/pango-1.0 -I/usr/include/harfbuzz -I/usr/include/pango-1.0 -I/usr/include/glib-2.0 -I/usr/lib/aarch64-linux-gnu/glib-2.0/include -I/usr/include/freetype2 -I/usr/include/libpng16 -I/usr/include/freetype2 -I/usr/include/libpng16'
pkg_cv_GTK2_LIBS='-lgtk-x11-2.0 -lgdk-x11-2.0 -lpangocairo-1.0 -latk-1.0 -lcairo -lgdk_pixbuf-2.0 -lgio-2.0 -lpangoft2-1.0 -lpango-1.0 -lgobject-2.0 -lglib-2.0 -lfontconfig -lfreetype'

## ----------------- ##
## Output variables. ##
## ----------------- ##

ACLOCAL='${SHELL} /home/odroid/sources/pcsxr-1.9.92/missing --run aclocal-1.10'
ALSA_CFLAGS=''
ALSA_LIBS=''
AMDEPBACKSLASH='\'
AMDEP_FALSE='#'
AMDEP_TRUE=''
AMTAR='${SHELL} /home/odroid/sources/pcsxr-1.9.92/missing --run tar'
AR='ar'
ARCH_PPC_FALSE=''
ARCH_PPC_TRUE='#'
ARCH_X86_64_FALSE=''
ARCH_X86_64_TRUE='#'
ARCH_X86_FALSE=''
ARCH_X86_TRUE='#'
AUTOCONF='${SHELL} /home/odroid/sources/pcsxr-1.9.92/missing --run autoconf'
AUTOHEADER='${SHELL} /home/odroid/sources/pcsxr-1.9.92/missing --run autoheader'
AUTOMAKE='${SHELL} /home/odroid/sources/pcsxr-1.9.92/missing --run automake-1.10'
AWK='gawk'
CC='gcc'
CCAS='gcc'
CCASDEPMODE='depmode=gcc3'
CCASFLAGS='-mtune=cortex-a53 -pthread -O2'
CCDEPMODE='depmode=gcc3'
CFLAGS='-mtune=cortex-a53 -pthread -O2'
CPP='gcc -E'
CPPFLAGS=''
CYGPATH_W='echo'
DEFS='-DHAVE_CONFIG_H'
DEPDIR='.deps'
DSYMUTIL=''
DUMPBIN=''
ECHO_C=''
ECHO_N='-n'
ECHO_T=''
EGREP='/bin/grep -E'
EXEEXT=''
FGREP='/bin/grep -F'
GETTEXT_MACRO_VERSION='0.17'
GETTEXT_PACKAGE='pcsx'
GLADE2_CFLAGS='-pthread -I/usr/include/libglade-2.0 -I/usr/include/gtk-2.0 -I/usr/lib/aarch64-linux-gnu/gtk-2.0/include -I/usr/include/gio-unix-2.0/ -I/usr/include/cairo -I/usr/include/pango-1.0 -I/usr/include/atk-1.0 -I/usr/include/cairo -I/usr/include/pixman-1 -I/usr/include/gdk-pixbuf-2.0 -I/usr/include/libpng16 -I/usr/include/pango-1.0 -I/usr/include/harfbuzz -I/usr/include/pango-1.0 -I/usr/include/glib-2.0 -I/usr/lib/aarch64-linux-gnu/glib-2.0/include -I/usr/include/freetype2 -I/usr/include/libpng16 -I/usr/include/freetype2 -I/usr/include/libpng16 -I/usr/include/libxml2'
GLADE2_LIBS='-lglade-2.0 -lgtk-x11-2.0 -lgdk-x11-2.0 -lpangocairo-1.0 -latk-1.0 -lcairo -lgdk_pixbuf-2.0 -lgio-2.0 -lpangoft2-1.0 -lpango-1.0 -lgobject-2.0 -lglib-2.0 -lfontconfig -lfreetype -lxml2'
GLIB2_CFLAGS='-I/usr/include/glib-2.0 -I/usr/lib/aarch64-linux-gnu/glib-2.0/include'
GLIB2_LIBS='-lglib-2.0'
GMSGFMT='/usr/bin/msgfmt'
GMSGFMT_015='/usr/bin/msgfmt'
GREP='/bin/grep'
GTK2_CFLAGS='-pthread -I/usr/include/gtk-2.0 -I/usr/lib/aarch64-linux-gnu/gtk-2.0/include -I/usr/include/gio-unix-2.0/ -I/usr/include/cairo -I/usr/include/pango-1.0 -I/usr/include/atk-1.0 -I/usr/include/cairo -I/usr/include/pixman-1 -I/usr/include/gdk-pixbuf-2.0 -I/usr/include/libpng16 -I/usr/include/pango-1.0 -I/usr/include/harfbuzz -I/usr/include/pango-1.0 -I/usr/include/glib-2.0 -I/usr/lib/aarch64-linux-gnu/glib-2.0/include -I/usr/include/freetype2 -I/usr/include/libpng16 -I/usr/include/freetype2 -I/usr/include/libpng16'
GTK2_LIBS='-lgtk-x11-2.0 -lgdk-x11-2.0 -lpangocairo-1.0 -latk-1.0 -lcairo -lgdk_pixbuf-2.0 -lgio-2.0 -lpangoft2-1.0 -lpango-1.0 -lgobject-2.0 -lglib-2.0 -lfontconfig -lfreetype'
INSTALL_DATA='${INSTALL} -m 644'
INSTALL_PROGRAM='${INSTALL}'
INSTALL_SCRIPT='${INSTALL}'
INSTALL_STRIP_PROGRAM='$(install_sh) -c -s'
INTLLIBS=''
INTL_MACOSX_LIBS=''
LD='/usr/bin/ld'
LDFLAGS=' -ldl -lnsl'
LIBCDIO_CFLAGS=''
LIBCDIO_LIBS=''
LIBICONV='-liconv'
LIBINTL=''
LIBOBJS=''
LIBS=''
LIBTOOL='$(SHELL) $(top_builddir)/libtool'
LIPO=''
LN_S='ln -s'
LTLIBICONV='-liconv'
LTLIBINTL=''
LTLIBOBJS=''
MAINT='#'
MAINTAINER_MODE_FALSE=''
MAINTAINER_MODE_TRUE='#'
MAKEINFO='${SHELL} /home/odroid/sources/pcsxr-1.9.92/missing --run makeinfo'
MKDIR_P='/bin/mkdir -p'
MSGFMT='/usr/bin/msgfmt'
MSGFMT_015='/usr/bin/msgfmt'
MSGMERGE='/usr/bin/msgmerge'
NASM=''
NM='/usr/bin/nm -B'
NMEDIT=''
OBJDUMP='objdump'
OBJEXT='o'
OTOOL64=''
OTOOL=''
PACKAGE='pcsx'
PACKAGE_BUGREPORT=''
PACKAGE_NAME='pcsx'
PACKAGE_STRING='pcsx 1.9'
PACKAGE_TARNAME='pcsx'
PACKAGE_VERSION='1.9'
PATH_SEPARATOR=':'
PEOPSXGL='plugins/peopsxgl'
PKG_CONFIG='/usr/bin/pkg-config'
POSUB='po'
PULSEAUDIO_CFLAGS=''
PULSEAUDIO_LIBS=''
RANLIB='ranlib'
SDL_CFLAGS='-I/usr/include/SDL -D_GNU_SOURCE=1 -D_REENTRANT'
SDL_CONFIG='/usr/bin/sdl-config'
SDL_LIBS='-L/usr/lib/aarch64-linux-gnu -lSDL'
SED='/bin/sed'
SET_MAKE=''
SHELL='/bin/bash'
SOUND_ALSA_FALSE=''
SOUND_ALSA_TRUE='#'
SOUND_NULL_FALSE=''
SOUND_NULL_TRUE='#'
SOUND_OSS_FALSE=''
SOUND_OSS_TRUE='#'
SOUND_PULSEAUDIO_FALSE=''
SOUND_PULSEAUDIO_TRUE='#'
SOUND_SDL_FALSE='#'
SOUND_SDL_TRUE=''
STRIP='strip'
USE_LIBCDIO_FALSE=''
USE_LIBCDIO_TRUE='#'
USE_NLS='yes'
VERSION='1.9'
X86_NASM_FALSE=''
X86_NASM_TRUE='#'
XGETTEXT='/usr/bin/xgettext'
XGETTEXT_015='/usr/bin/xgettext'
XGETTEXT_EXTRA_OPTIONS=''
ac_ct_CC='gcc'
ac_ct_DUMPBIN=''
am__fastdepCCAS_FALSE='#'
am__fastdepCCAS_TRUE=''
am__fastdepCC_FALSE='#'
am__fastdepCC_TRUE=''
am__include='include'
am__isrc=''
am__leading_dot='.'
am__quote=''
am__tar='${AMTAR} chof - "$$tardir"'
am__untar='${AMTAR} xf -'
bindir='${exec_prefix}/bin'
build='aarch64-unknown-linux-gnu'
build_alias=''
build_cpu='aarch64'
build_os='linux-gnu'
build_vendor='unknown'
datadir='${datarootdir}'
datarootdir='${prefix}/share'
docdir='${datarootdir}/doc/${PACKAGE_TARNAME}'
dvidir='${docdir}'
exec_prefix='${prefix}'
host='aarch64-unknown-linux-gnu'
host_alias=''
host_cpu='aarch64'
host_os='linux-gnu'
host_vendor='unknown'
htmldir='${docdir}'
includedir='${prefix}/include'
infodir='${datarootdir}/info'
install_sh='$(SHELL) /home/odroid/sources/pcsxr-1.9.92/install-sh'
libdir='${exec_prefix}/lib'
libexecdir='${exec_prefix}/libexec'
localedir='${datarootdir}/locale'
localstatedir='${prefix}/var'
lt_ECHO='echo'
mandir='${datarootdir}/man'
mkdir_p='/bin/mkdir -p'
oldincludedir='/usr/include'
pdfdir='${docdir}'
prefix='/usr/local'
program_transform_name='s,x,x,'
psdir='${docdir}'
sbindir='${exec_prefix}/sbin'
sharedstatedir='${prefix}/com'
sysconfdir='${prefix}/etc'
target='aarch64-unknown-linux-gnu'
target_alias=''
target_cpu='aarch64'
target_os='linux-gnu'
target_vendor='unknown'

## ----------- ##
## confdefs.h. ##
## ----------- ##

#define PACKAGE_NAME "pcsx"
#define PACKAGE_TARNAME "pcsx"
#define PACKAGE_VERSION "1.9"
#define PACKAGE_STRING "pcsx 1.9"
#define PACKAGE_BUGREPORT ""
#define PACKAGE "pcsx"
#define VERSION "1.9"
#define STDC_HEADERS 1
#define HAVE_SYS_TYPES_H 1
#define HAVE_SYS_STAT_H 1
#define HAVE_STDLIB_H 1
#define HAVE_STRING_H 1
#define HAVE_MEMORY_H 1
#define HAVE_STRINGS_H 1
#define HAVE_INTTYPES_H 1
#define HAVE_STDINT_H 1
#define HAVE_UNISTD_H 1
#define HAVE_DLFCN_H 1
#define LT_OBJDIR ".libs/"
#define STDC_HEADERS 1
#define ENABLE_NLS 1
#define HAVE_GETTEXT 1
#define HAVE_DCGETTEXT 1
#define GETTEXT_PACKAGE "pcsx"
#define __LINUX__ 1
#define MAXPATHLEN 4096

configure: exit 0
